<?xml version="1.0" encoding="UTF-8"?>
<robot generator="Robot 7.2.2 (Python 3.12.3 on linux)" generated="2025-06-06T14:43:47.579093" rpa="false" schemaversion="5">
<suite id="s1" name="Buscar Produtos" source="/home/izadora/Área de trabalho/documentos compass/Documentos/sprint 06/challenge/testes_com_robot/produto/buscar_produtos.robot">
<test id="s1-t1" name="Buscar Produtos Com Sucesso" line="11">
<kw name="Criar Sessao">
<kw name="Create Session" owner="RequestsLibrary">
<msg time="2025-06-06T14:43:48.342051" level="INFO">Creating Session using : alias=serverest, url=https://compassuol.serverest.dev, headers={},                     cookies={}, auth=None, timeout=None, proxies=None, verify=True,                     debug=0 </msg>
<arg>serverest</arg>
<arg>${BASE_URL}</arg>
<arg>verify=True</arg>
<doc>Create Session: create a HTTP session to a server</doc>
<status status="PASS" start="2025-06-06T14:43:48.341445" elapsed="0.004231"/>
</kw>
<doc>Cria uma sessão HTTP para a API</doc>
<status status="PASS" start="2025-06-06T14:43:48.335801" elapsed="0.010125"/>
</kw>
<kw name="Buscar Todos Produtos">
<kw name="GET On Session" owner="RequestsLibrary">
<msg time="2025-06-06T14:43:49.323306" level="INFO">GET Request : url=https://compassuol.serverest.dev/produtos 
 path_url=/produtos 
 headers={'User-Agent': 'python-requests/2.32.3', 'Accept-Encoding': 'gzip, deflate', 'Accept': '*/*', 'Connection': 'keep-alive'} 
 body=None 
 </msg>
<msg time="2025-06-06T14:43:49.323598" level="INFO">GET Response : url=https://compassuol.serverest.dev/produtos 
 status=200, reason=OK 
 headers={'access-control-allow-origin': '*', 'x-dns-prefetch-control': 'off', 'x-frame-options': 'SAMEORIGIN', 'strict-transport-security': 'max-age=15552000; includeSubDomains', 'x-download-options': 'noopen', 'x-content-type-options': 'nosniff', 'x-xss-protection': '1; mode=block', 'content-type': 'application/json; charset=utf-8', 'x-cloud-trace-context': 'c7d45364d80f74b63a1071c1d0bb19ae;o=1', 'date': 'Fri, 06 Jun 2025 17:43:48 GMT', 'server': 'Google Frontend', 'Content-Length': '10638'} 
 body={
    "quantidade": 48,
    "produtos": [
        {
            "nome": "Produto 4PZepT7u",
            "preco": 100,
            "descricao": "Descrição do produto 4PZepT7u",
            "quantidade": 10,
            "_id": "1Q5HaiD4PtYGWJCc"
        },
        {
            "nome": "Stephanie Wilkinson",
            "preco": 80,
            "descricao": "Less community animal establish fall imagine. Various deep agent. Operation teach a rule then behind quickly. Physical who perform.",
            "quantidade": 85803308,
            "_id": "3nJgzAQHwdOqb1nL"
        },
        {
            "nome": "Produto2224",
            "preco": 100,
            "descricao": "Produto: engineer dot-com e-commerce",
            "quantidade": 50,
            "_id": "4hdbVBEoOIDXNnSx"
        },
        {
            "nome": "Produto Teste xBNAt",
            "preco": 99,
            "descricao": "Descrição do produto",
            "quantidade": 10,
            "_id": "4phbQgxXBfldtx04"
        },
        {
            "nome": "Produto1155",
            "preco": 100,
            "descricao": "Produto: reinvent cross-media deliverables",
            "quantidade": 50,
            "_id": "51okjp8tH3RWFdv6"
        },
        {
            "nome": "Produto EgGncz9P",
            "preco": 100,
            "descricao": "Descrição do produto EgGncz9P",
            "quantidade": 9,
            "_id": "64V6SGKkzKSsuIA5"
        },
        {
            "nome": "Produto9130",
            "preco": 999,
            "descricao": "Produto: integrate virtual bandwidth",
            "quantidade": 10,
            "_id": "6cWE2XnFk1Qucwih"
        },
        {
            "nome": "Logitech MX Vertical",
            "preco": 470,
            "descricao": "Mouse",
            "quantidade": 382,
            "_id": "BeeJh5lz3k6kSIzA"
        },
        {
            "nome": "Produto2371",
            "preco": 100,
            "descricao": "Produto: productize granular mindshare",
            "quantidade": 50,
            "_id": "DpuQloYC6y0dWv6b"
        },
        {
            "nome": "Produto 4Gj1IkkJ",
            "preco": 100,
            "descricao": "Descrição do produto 4Gj1IkkJ",
            "quantidade": 9,
            "_id": "EFAHJ3BsoN6gXg1b"
        },
        {
            "nome": "Dominican Republic",
            "preco": 60,
            "descricao": "Teclado Gamer",
            "quantidade": 4,
            "_id": "H40BoXijoLTzHMhe"
        },
        {
            "nome": "Produto TCprFTrU",
            "preco": 100,
            "descricao": "Descrição do produto TCprFTrU",
            "quantidade": 9,
            "_id": "H7nhqgnkwQzeavZS"
        },
        {
            "nome": "Produto a42ohADN",
            "preco": 100,
            "descricao": "Descrição do produto a42ohADN",
            "quantidade": 10,
            "_id": "HwQC5SNmV0swt3b3"
        },
        {
            "nome": "repudiandae repudiandae",
            "preco": 6661,
            "descricao": "Test Product",
            "quantidade": 10,
            "_id": "JLCFLZPgvAnGliTl"
        },
        {
            "nome": "Produto 8FIQNhju",
            "preco": 100,
            "descricao": "Descrição do produto 8FIQNhju",
            "quantidade": 10,
            "_id": "JzYVORrAypQL3wHo"
        },
        {
            "nome": "Samsung 60 polegadas",
            "preco": 5240,
            "descricao": "TV",
            "quantidade": 49977,
            "_id": "K6leHdftCeOJj8BJ"
        },
        {
            "nome": "Produto PpF81HyB",
            "preco": 100,
            "descricao": "Descrição do produto PpF81HyB",
            "quantidade": 10,
            "_id": "KAphmqATPHr0B4C6"
        },
        {
            "nome": "Produto tXw8Uijg",
            "preco": 100,
            "descricao": "Descrição do produto tXw8Uijg",
            "quantidade": 10,
            "_id": "LVmTuob9Hn7BXksx"
        },
        {
            "nome": "Produto Lhuw2e4X",
            "preco": 100,
            "descricao": "Descrição do produto Lhuw2e4X",
            "quantidade": 9,
            "_id": "LxPPYf7MmSSm4ZV1"
        },
        {
            "nome": "Produto obKVNtdO",
            "preco": 100,
            "descricao": "Descrição do produto obKVNtdO",
            "quantidade": 10,
            "_id": "MkN6oT4yWbLkuz5W"
        },
        {
            "nome": "Produto7748",
            "preco": 100,
            "descricao": "Produto: enhance virtual networks",
            "quantidade": 50,
            "_id": "NFK2QXVfLXZndp5e"
        },
        {
            "nome": "ducimus",
            "preco": 6661,
            "descricao": "Test Product",
            "quantidade": 10,
            "_id": "P3uD8pmUXRsrgW2D"
        },
        {
            "nome": "sed sed",
            "preco": 6661,
            "descricao": "Test Product",
            "quantidade": 10,
            "_id": "SxW8MhhsGswIIrem"
        },
        {
            "nome": "Produto8865",
            "preco": 100,
            "descricao": "Produto: engineer dynamic initiatives",
            "quantidade": 50,
            "_id": "T3Mu582ZTL5ANQBa"
        },
        {
            "nome": "Produto hfT9lCQ4",
            "preco": 100,
            "descricao": "Descrição do produto hfT9lCQ4",
            "quantidade": 9,
            "_id": "UumqqdvVvWWW9GfM"
        },
        {
            "nome": "Bruce Peters",
            "preco": 978521,
            "descricao": "Place board ten. Hear reflect mother energy until. Store right whose end.",
            "quantidade": 22953,
            "_id": "VBIVklP2xXD69YYY"
        },
        {
            "nome": "Produto4604",
            "preco": 100,
            "descricao": "Produto: morph virtual schemas",
            "quantidade": 50,
            "_id": "VaKkyJZdvMOfGp23"
        },
        {
            "nome": "Yvonne Todd",
            "preco": 7,
            "descricao": "Imagine new certainly institution. Season modern media begin population least.",
            "quantidade": 0,
            "_id": "Vm7egqPvqVBgQhCO"
        },
        {
            "nome": "Produto 4cxIU1KY",
            "preco": 100,
            "descricao": "Descrição do produto 4cxIU1KY",
            "quantidade": 9,
            "_id": "WeoNKnrZelU8KI7C"
        },
        {
            "nome": "Produto 8YYVOmgq",
            "preco": 100,
            "descricao": "Descrição do produto 8YYVOmgq",
            "quantidade": 9,
            "_id": "WxI9IhAuxxsgIWFH"
        },
        {
            "nome": "Produto1998",
            "preco": 100,
            "descricao": "Produto: benchmark proactive schemas",
            "quantidade": 50,
            "_id": "XmRBiTuEy6evyYKB"
        },
        {
            "nome": "Produto Ny2313Nb",
            "preco": 100,
            "descricao": "Descrição do produto Ny2313Nb",
            "quantidade": 10,
            "_id": "aBFSThdQHFULBh6z"
        },
        {
            "nome": "Produto 3Z2RbkgH",
            "preco": 100,
            "descricao": "Descrição do produto 3Z2RbkgH",
            "quantidade": 10,
            "_id": "aRuCEtpTUyvOISZT"
        },
        {
            "nome": "Erika Branch",
            "preco": 446,
            "descricao": "Any walk pattern discussion story interesting. Check watch increase employee research talk. Join as full his street affect.",
            "quantidade": 1992,
            "_id": "c3ULoaz5PmuZur8s"
        },
        {
            "nome": "Produto omC4s6ot",
            "preco": 100,
            "descricao": "Descrição do produto omC4s6ot",
            "quantidade": 9,
            "_id": "d7wychm9ETicktLp"
        },
        {
            "nome": "Patty Morrow",
            "preco": 95078,
            "descricao": "Knowledge far research service. Think inside well cut.",
            "quantidade": 5075,
            "_id": "dXMp6d1nReqlWaKf"
        },
        {
            "nome": "quisquam",
            "preco": 1999,
            "descricao": "Test Product Edited",
            "quantidade": 6,
            "_id": "g1fXrlVAv1kfotn2"
        },
        {
            "nome": "Produto1832",
            "preco": 100,
            "descricao": "Produto: disintermediate efficient infrastructures",
            "quantidade": 50,
            "_id": "gEOISnvAartv961w"
        },
        {
            "nome": "Produto7105",
            "preco": 200,
            "descricao": "Produto: exploit integrated ROI",
            "quantidade": 100,
            "_id": "ksDSURkS8V5JznIt"
        },
        {
            "nome": "Produto0851",
            "preco": 999,
            "descricao": "Produto: leverage world-class methodologies",
            "quantidade": 10,
            "_id": "l6hdglfks5Sb82Gz"
        },
        {
            "nome": "Produto8005",
            "preco": 100,
            "descricao": "Produto: evolve collaborative functionalities",
            "quantidade": 50,
            "_id": "mVwcFTCAoM8Crsmg"
        },
        {
            "nome": "Produto7434",
            "preco": 200,
            "descricao": "Produto: evolve mission-critical partnerships",
            "quantidade": 100,
            "_id": "mqyH6WRoRzBEsU0n"
        },
        {
            "nome": "Erin Simmons",
            "preco": 74090,
            "descricao": "Peace animal ten box best piece population. Letter church street. Top note rise list kid group.",
            "quantidade": 25,
            "_id": "oog3REbxOIoPwxbz"
        },
        {
            "nome": "Produto wUh36P2J",
            "preco": 100,
            "descricao": "Descrição do produto wUh36P2J",
            "quantidade": 9,
            "_id": "pN06PKVaMhISVwn2"
        },
        {
            "nome": "Charles Castaneda",
            "preco": 856286942,
            "descricao": "Firm involve imagine bag room new everything arm. Pull civil employee she.",
            "quantidade": 0,
            "_id": "szlYpqBeUzn4Eff8"
        },
        {
            "nome":... (set the log level to DEBUG or TRACE to see the full content) 
 </msg>
<msg time="2025-06-06T14:43:49.331323" level="INFO">${response} = &lt;Response [200]&gt;</msg>
<var>${response}</var>
<arg>serverest</arg>
<arg>/produtos</arg>
<arg>expected_status=any</arg>
<doc>Sends a GET request on a previously created HTTP Session.</doc>
<status status="PASS" start="2025-06-06T14:43:48.346839" elapsed="0.984553"/>
</kw>
<return>
<value>${response}</value>
<status status="PASS" start="2025-06-06T14:43:49.331539" elapsed="0.000108"/>
</return>
<msg time="2025-06-06T14:43:49.340155" level="INFO">${response} = &lt;Response [200]&gt;</msg>
<var>${response}</var>
<doc>Busca todos os produtos cadastrados</doc>
<status status="PASS" start="2025-06-06T14:43:48.346382" elapsed="0.993906"/>
</kw>
<kw name="Validar Status Code">
<kw name="Should Be Equal As Integers" owner="BuiltIn">
<msg time="2025-06-06T14:43:49.355411" level="INFO">Argument types are:
&lt;class 'int'&gt;
&lt;class 'str'&gt;</msg>
<arg>${response.status_code}</arg>
<arg>${esperado}</arg>
<doc>Fails if objects are unequal after converting them to integers.</doc>
<status status="PASS" start="2025-06-06T14:43:49.346719" elapsed="0.008836"/>
</kw>
<arg>${response}</arg>
<arg>200</arg>
<doc>Valida se o código de status da resposta é o esperado</doc>
<status status="PASS" start="2025-06-06T14:43:49.341855" elapsed="0.013849"/>
</kw>
<kw name="Dictionary Should Contain Key" owner="Collections">
<arg>${response.json()}</arg>
<arg>produtos</arg>
<doc>Fails if ``key`` is not found from ``dictionary``.</doc>
<status status="PASS" start="2025-06-06T14:43:49.356034" elapsed="0.014624"/>
</kw>
<doc>Verifica se a API retorna a lista de produtos</doc>
<tag>buscar produto</tag>
<status status="PASS" start="2025-06-06T14:43:48.333379" elapsed="1.037697"/>
</test>
<doc>Testes de consulta de produtos na API ServeRest</doc>
<status status="PASS" start="2025-06-06T14:43:47.583768" elapsed="1.788054"/>
</suite>
<statistics>
<total>
<stat pass="1" fail="0" skip="0">All Tests</stat>
</total>
<tag>
<stat pass="1" fail="0" skip="0">buscar produto</stat>
</tag>
<suite>
<stat name="Buscar Produtos" id="s1" pass="1" fail="0" skip="0">Buscar Produtos</stat>
</suite>
</statistics>
<errors>
<msg time="2025-06-06T14:43:47.572285" level="WARN">Error in file '/home/izadora/Área de trabalho/documentos compass/Documentos/sprint 06/challenge/testes_com_robot/produto/buscar_produtos.robot' on line 33: The '[Return]' setting is deprecated. Use the 'RETURN' statement instead.</msg>
</errors>
</robot>
